{"/Users/jbaker/work/Personal/json-factory/src/index.js":{"path":"/Users/jbaker/work/Personal/json-factory/src/index.js","s":{"1":1,"2":1,"3":1,"4":1,"5":1,"6":1,"7":1,"8":1,"9":5,"10":20,"11":20,"12":5,"13":1,"14":5,"15":5,"16":5,"17":5,"18":5,"19":5,"20":9,"21":5,"22":9,"23":9,"24":1,"25":9,"26":5,"27":5,"28":5,"29":3,"30":2,"31":2,"32":2,"33":4,"34":2,"35":2,"36":4,"37":2,"38":2,"39":2,"40":2,"41":2,"42":2,"43":5,"44":1,"45":2,"46":1,"47":2,"48":2,"49":2,"50":2,"51":1,"52":1,"53":1,"54":5,"55":5,"56":5},"b":{"1":[5,4],"2":[3,2],"3":[2,2],"4":[2,0],"5":[1,0],"6":[1,1]},"f":{"1":5,"2":5,"3":5,"4":5,"5":1},"fnMap":{"1":{"name":"(anonymous_1)","line":13,"loc":{"start":{"line":13,"column":15},"end":{"line":13,"column":18}}},"2":{"name":"(anonymous_2)","line":28,"loc":{"start":{"line":28,"column":8},"end":{"line":28,"column":11}}},"3":{"name":"(anonymous_3)","line":47,"loc":{"start":{"line":47,"column":8},"end":{"line":47,"column":17}}},"4":{"name":"(anonymous_4)","line":71,"loc":{"start":{"line":71,"column":17},"end":{"line":71,"column":28}}},"5":{"name":"(anonymous_5)","line":75,"loc":{"start":{"line":75,"column":17},"end":{"line":75,"column":31}}}},"statementMap":{"1":{"start":{"line":1,"column":0},"end":{"line":1,"column":24}},"2":{"start":{"line":2,"column":0},"end":{"line":2,"column":28}},"3":{"start":{"line":3,"column":0},"end":{"line":3,"column":38}},"4":{"start":{"line":5,"column":0},"end":{"line":5,"column":17}},"5":{"start":{"line":6,"column":0},"end":{"line":6,"column":19}},"6":{"start":{"line":7,"column":0},"end":{"line":7,"column":32}},"7":{"start":{"line":9,"column":0},"end":{"line":9,"column":65}},"8":{"start":{"line":11,"column":0},"end":{"line":113,"column":1}},"9":{"start":{"line":14,"column":6},"end":{"line":18,"column":7}},"10":{"start":{"line":15,"column":8},"end":{"line":15,"column":55}},"11":{"start":{"line":16,"column":8},"end":{"line":16,"column":71}},"12":{"start":{"line":18,"column":7},"end":{"line":20,"column":8}},"13":{"start":{"line":19,"column":8},"end":{"line":19,"column":71}},"14":{"start":{"line":22,"column":6},"end":{"line":22,"column":27}},"15":{"start":{"line":23,"column":6},"end":{"line":23,"column":36}},"16":{"start":{"line":24,"column":6},"end":{"line":24,"column":17}},"17":{"start":{"line":25,"column":6},"end":{"line":25,"column":17}},"18":{"start":{"line":29,"column":6},"end":{"line":29,"column":33}},"19":{"start":{"line":30,"column":6},"end":{"line":32,"column":41}},"20":{"start":{"line":32,"column":21},"end":{"line":32,"column":40}},"21":{"start":{"line":34,"column":6},"end":{"line":42,"column":30}},"22":{"start":{"line":36,"column":10},"end":{"line":40,"column":11}},"23":{"start":{"line":37,"column":12},"end":{"line":37,"column":62}},"24":{"start":{"line":39,"column":12},"end":{"line":39,"column":21}},"25":{"start":{"line":42,"column":21},"end":{"line":42,"column":29}},"26":{"start":{"line":44,"column":6},"end":{"line":44,"column":23}},"27":{"start":{"line":48,"column":6},"end":{"line":48,"column":40}},"28":{"start":{"line":49,"column":6},"end":{"line":51,"column":7}},"29":{"start":{"line":50,"column":8},"end":{"line":50,"column":14}},"30":{"start":{"line":53,"column":6},"end":{"line":91,"column":7}},"31":{"start":{"line":54,"column":8},"end":{"line":54,"column":50}},"32":{"start":{"line":56,"column":8},"end":{"line":90,"column":10}},"33":{"start":{"line":57,"column":10},"end":{"line":59,"column":11}},"34":{"start":{"line":58,"column":12},"end":{"line":58,"column":18}},"35":{"start":{"line":61,"column":10},"end":{"line":61,"column":63}},"36":{"start":{"line":61,"column":42},"end":{"line":61,"column":53}},"37":{"start":{"line":64,"column":10},"end":{"line":64,"column":31}},"38":{"start":{"line":65,"column":10},"end":{"line":65,"column":50}},"39":{"start":{"line":66,"column":10},"end":{"line":66,"column":38}},"40":{"start":{"line":67,"column":10},"end":{"line":67,"column":31}},"41":{"start":{"line":68,"column":10},"end":{"line":68,"column":37}},"42":{"start":{"line":70,"column":10},"end":{"line":89,"column":12}},"43":{"start":{"line":72,"column":14},"end":{"line":72,"column":37}},"44":{"start":{"line":76,"column":14},"end":{"line":85,"column":15}},"45":{"start":{"line":78,"column":33},"end":{"line":78,"column":55}},"46":{"start":{"line":87,"column":14},"end":{"line":87,"column":44}},"47":{"start":{"line":93,"column":6},"end":{"line":105,"column":8}},"48":{"start":{"line":94,"column":8},"end":{"line":94,"column":30}},"49":{"start":{"line":95,"column":8},"end":{"line":95,"column":33}},"50":{"start":{"line":98,"column":8},"end":{"line":104,"column":9}},"51":{"start":{"line":99,"column":10},"end":{"line":101,"column":12}},"52":{"start":{"line":100,"column":12},"end":{"line":100,"column":42}},"53":{"start":{"line":103,"column":10},"end":{"line":103,"column":40}},"54":{"start":{"line":109,"column":2},"end":{"line":109,"column":41}},"55":{"start":{"line":110,"column":2},"end":{"line":110,"column":38}},"56":{"start":{"line":112,"column":2},"end":{"line":112,"column":32}}},"branchMap":{"1":{"line":18,"type":"binary-expr","locations":[{"start":{"line":18,"column":8},"end":{"line":18,"column":25}},{"start":{"line":18,"column":29},"end":{"line":18,"column":31}}]},"2":{"line":49,"type":"if","locations":[{"start":{"line":49,"column":6},"end":{"line":49,"column":6}},{"start":{"line":49,"column":6},"end":{"line":49,"column":6}}]},"3":{"line":57,"type":"if","locations":[{"start":{"line":57,"column":10},"end":{"line":57,"column":10}},{"start":{"line":57,"column":10},"end":{"line":57,"column":10}}]},"4":{"line":61,"type":"binary-expr","locations":[{"start":{"line":61,"column":25},"end":{"line":61,"column":57}},{"start":{"line":61,"column":61},"end":{"line":61,"column":63}}]},"5":{"line":78,"type":"binary-expr","locations":[{"start":{"line":78,"column":16},"end":{"line":78,"column":59}},{"start":{"line":78,"column":63},"end":{"line":78,"column":65}}]},"6":{"line":98,"type":"if","locations":[{"start":{"line":98,"column":8},"end":{"line":98,"column":8}},{"start":{"line":98,"column":8},"end":{"line":98,"column":8}}]}}},"/Users/jbaker/work/Personal/json-factory/src/extensions/create.js":{"path":"/Users/jbaker/work/Personal/json-factory/src/extensions/create.js","s":{"1":1,"2":5,"3":3,"4":6,"5":3,"6":3},"b":{"1":[3,1]},"f":{},"fnMap":{},"statementMap":{"1":{"start":{"line":1,"column":0},"end":{"line":27,"column":1}},"2":{"start":{"line":4,"column":4},"end":{"line":25,"column":5}},"3":{"start":{"line":5,"column":6},"end":{"line":9,"column":13}},"4":{"start":{"line":8,"column":37},"end":{"line":8,"column":76}},"5":{"start":{"line":11,"column":6},"end":{"line":14,"column":22}},"6":{"start":{"line":16,"column":6},"end":{"line":24,"column":7}}},"branchMap":{"1":{"line":23,"type":"binary-expr","locations":[{"start":{"line":23,"column":8},"end":{"line":23,"column":13}},{"start":{"line":23,"column":17},"end":{"line":23,"column":19}}]}}},"/Users/jbaker/work/Personal/json-factory/src/extensions/first.js":{"path":"/Users/jbaker/work/Personal/json-factory/src/extensions/first.js","s":{"1":1,"2":5,"3":7,"4":5,"5":2},"b":{"1":[5,2]},"f":{},"fnMap":{},"statementMap":{"1":{"start":{"line":1,"column":0},"end":{"line":12,"column":1}},"2":{"start":{"line":4,"column":4},"end":{"line":10,"column":5}},"3":{"start":{"line":5,"column":6},"end":{"line":7,"column":7}},"4":{"start":{"line":6,"column":8},"end":{"line":6,"column":35}},"5":{"start":{"line":9,"column":6},"end":{"line":9,"column":46}}},"branchMap":{"1":{"line":5,"type":"if","locations":[{"start":{"line":5,"column":6},"end":{"line":5,"column":6}},{"start":{"line":5,"column":6},"end":{"line":5,"column":6}}]}}},"/Users/jbaker/work/Personal/json-factory/src/extensions/get.js":{"path":"/Users/jbaker/work/Personal/json-factory/src/extensions/get.js","s":{"1":1,"2":5,"3":3,"4":3,"5":2,"6":1},"b":{"1":[2,1]},"f":{},"fnMap":{},"statementMap":{"1":{"start":{"line":1,"column":0},"end":{"line":11,"column":1}},"2":{"start":{"line":3,"column":26},"end":{"line":10,"column":3}},"3":{"start":{"line":4,"column":4},"end":{"line":4,"column":25}},"4":{"start":{"line":5,"column":4},"end":{"line":7,"column":5}},"5":{"start":{"line":6,"column":6},"end":{"line":6,"column":23}},"6":{"start":{"line":9,"column":4},"end":{"line":9,"column":34}}},"branchMap":{"1":{"line":5,"type":"if","locations":[{"start":{"line":5,"column":4},"end":{"line":5,"column":4}},{"start":{"line":5,"column":4},"end":{"line":5,"column":4}}]}}},"/Users/jbaker/work/Personal/json-factory/src/extensions/save.js":{"path":"/Users/jbaker/work/Personal/json-factory/src/extensions/save.js","s":{"1":1,"2":1,"3":1,"4":5,"5":3,"6":3,"7":1,"8":3,"9":1,"10":2,"11":4,"12":1,"13":2,"14":2,"15":9,"16":2,"17":1,"18":1,"19":7,"20":2,"21":2},"b":{"1":[1,2],"2":[1,2],"3":[1,3],"4":[2,7],"5":[1,1]},"f":{},"fnMap":{},"statementMap":{"1":{"start":{"line":1,"column":0},"end":{"line":1,"column":24}},"2":{"start":{"line":2,"column":0},"end":{"line":2,"column":28}},"3":{"start":{"line":4,"column":0},"end":{"line":49,"column":1}},"4":{"start":{"line":7,"column":4},"end":{"line":47,"column":5}},"5":{"start":{"line":8,"column":6},"end":{"line":8,"column":22}},"6":{"start":{"line":11,"column":6},"end":{"line":13,"column":7}},"7":{"start":{"line":12,"column":8},"end":{"line":12,"column":75}},"8":{"start":{"line":15,"column":6},"end":{"line":17,"column":7}},"9":{"start":{"line":16,"column":8},"end":{"line":16,"column":20}},"10":{"start":{"line":19,"column":6},"end":{"line":23,"column":7}},"11":{"start":{"line":20,"column":8},"end":{"line":22,"column":9}},"12":{"start":{"line":21,"column":10},"end":{"line":21,"column":39}},"13":{"start":{"line":26,"column":6},"end":{"line":26,"column":26}},"14":{"start":{"line":27,"column":6},"end":{"line":39,"column":7}},"15":{"start":{"line":28,"column":8},"end":{"line":38,"column":9}},"16":{"start":{"line":31,"column":10},"end":{"line":35,"column":11}},"17":{"start":{"line":32,"column":12},"end":{"line":32,"column":20}},"18":{"start":{"line":34,"column":12},"end":{"line":34,"column":51}},"19":{"start":{"line":37,"column":10},"end":{"line":37,"column":40}},"20":{"start":{"line":41,"column":6},"end":{"line":44,"column":7}},"21":{"start":{"line":46,"column":6},"end":{"line":46,"column":17}}},"branchMap":{"1":{"line":11,"type":"if","locations":[{"start":{"line":11,"column":6},"end":{"line":11,"column":6}},{"start":{"line":11,"column":6},"end":{"line":11,"column":6}}]},"2":{"line":15,"type":"if","locations":[{"start":{"line":15,"column":6},"end":{"line":15,"column":6}},{"start":{"line":15,"column":6},"end":{"line":15,"column":6}}]},"3":{"line":20,"type":"if","locations":[{"start":{"line":20,"column":8},"end":{"line":20,"column":8}},{"start":{"line":20,"column":8},"end":{"line":20,"column":8}}]},"4":{"line":28,"type":"if","locations":[{"start":{"line":28,"column":8},"end":{"line":28,"column":8}},{"start":{"line":28,"column":8},"end":{"line":28,"column":8}}]},"5":{"line":31,"type":"if","locations":[{"start":{"line":31,"column":10},"end":{"line":31,"column":10}},{"start":{"line":31,"column":10},"end":{"line":31,"column":10}}]}}}}