TN:
SF:/Users/jbaker/work/Personal/json-factory/src/index.js
FN:13,(anonymous_1)
FN:28,(anonymous_2)
FN:47,(anonymous_3)
FN:71,(anonymous_4)
FN:75,(anonymous_5)
FNF:5
FNH:5
FNDA:5,(anonymous_1)
FNDA:5,(anonymous_2)
FNDA:5,(anonymous_3)
FNDA:5,(anonymous_4)
FNDA:1,(anonymous_5)
DA:1,1
DA:2,1
DA:3,1
DA:5,1
DA:6,1
DA:7,1
DA:9,1
DA:11,1
DA:14,5
DA:15,20
DA:16,20
DA:18,5
DA:19,1
DA:22,5
DA:23,5
DA:24,5
DA:25,5
DA:29,5
DA:30,5
DA:32,9
DA:34,5
DA:36,9
DA:37,9
DA:39,1
DA:42,9
DA:44,5
DA:48,5
DA:49,5
DA:50,3
DA:53,2
DA:54,2
DA:56,2
DA:57,4
DA:58,2
DA:61,4
DA:64,2
DA:65,2
DA:66,2
DA:67,2
DA:68,2
DA:70,2
DA:72,5
DA:76,1
DA:78,2
DA:87,1
DA:93,2
DA:94,2
DA:95,2
DA:98,2
DA:99,1
DA:100,1
DA:103,1
DA:109,5
DA:110,5
DA:112,5
LF:55
LH:55
BRDA:18,1,0,5
BRDA:18,1,1,4
BRDA:49,2,0,3
BRDA:49,2,1,2
BRDA:57,3,0,2
BRDA:57,3,1,2
BRDA:61,4,0,2
BRDA:61,4,1,0
BRDA:78,5,0,1
BRDA:78,5,1,0
BRDA:98,6,0,1
BRDA:98,6,1,1
BRF:12
BRH:10
end_of_record
TN:
SF:/Users/jbaker/work/Personal/json-factory/src/extensions/create.js
FNF:0
FNH:0
DA:1,1
DA:4,5
DA:5,3
DA:8,6
DA:11,3
DA:16,3
LF:6
LH:6
BRDA:23,1,0,3
BRDA:23,1,1,1
BRF:2
BRH:2
end_of_record
TN:
SF:/Users/jbaker/work/Personal/json-factory/src/extensions/first.js
FNF:0
FNH:0
DA:1,1
DA:4,5
DA:5,7
DA:6,5
DA:9,2
LF:5
LH:5
BRDA:5,1,0,5
BRDA:5,1,1,2
BRF:2
BRH:2
end_of_record
TN:
SF:/Users/jbaker/work/Personal/json-factory/src/extensions/get.js
FNF:0
FNH:0
DA:1,1
DA:3,5
DA:4,3
DA:5,3
DA:6,2
DA:9,1
LF:6
LH:6
BRDA:5,1,0,2
BRDA:5,1,1,1
BRF:2
BRH:2
end_of_record
TN:
SF:/Users/jbaker/work/Personal/json-factory/src/extensions/save.js
FNF:0
FNH:0
DA:1,1
DA:2,1
DA:4,1
DA:7,5
DA:8,3
DA:11,3
DA:12,1
DA:15,3
DA:16,1
DA:19,2
DA:20,4
DA:21,1
DA:26,2
DA:27,2
DA:28,9
DA:31,2
DA:32,1
DA:34,1
DA:37,7
DA:41,2
DA:46,2
LF:21
LH:21
BRDA:11,1,0,1
BRDA:11,1,1,2
BRDA:15,2,0,1
BRDA:15,2,1,2
BRDA:20,3,0,1
BRDA:20,3,1,3
BRDA:28,4,0,2
BRDA:28,4,1,7
BRDA:31,5,0,1
BRDA:31,5,1,1
BRF:10
BRH:10
end_of_record
